Importer Log Report
Project : Adafruit PA1010D Mini GPS.PrjPcb

Section : Analyze Document - C:\Users\danpi\OneDrive - University of Florida\Courses\EEL4924C - EE Design 2\LoRaWAN Integration - Fall 2024 Senior Design\Altium\libs\Adafruit-PA1010D-Mini-GPS-PCB-master\EagleCAD\Adafruit PA1010D Mini GPS.brd
    Analyzing data of C:\Users\danpi\OneDrive - University of Florida\Courses\EEL4924C - EE Design 2\LoRaWAN Integration - Fall 2024 Senior Design\Altium\libs\Adafruit-PA1010D-Mini-GPS-PCB-master\EagleCAD\Adafruit PA1010D Mini GPS.brd
    Load settings
    Load layers 175
    Load board
    Load Library "microbuilder"
    Load Packages 15
    Load Library "silks"
    Load Packages 1
    ERROR: Unhandled typemfgpreviewcolors
    ERROR: Unhandled typeerrors
EndSection

Section : Analyze Document - C:\Users\danpi\OneDrive - University of Florida\Courses\EEL4924C - EE Design 2\LoRaWAN Integration - Fall 2024 Senior Design\Altium\libs\Adafruit-PA1010D-Mini-GPS-PCB-master\EagleCAD\Adafruit PA1010D Mini GPS.sch
    Analyzing data of C:\Users\danpi\OneDrive - University of Florida\Courses\EEL4924C - EE Design 2\LoRaWAN Integration - Fall 2024 Senior Design\Altium\libs\Adafruit-PA1010D-Mini-GPS-PCB-master\EagleCAD\Adafruit PA1010D Mini GPS.sch
    Load settings
    Load layers 175
    Load schematic
    Load Libraries 2
    Load Library "microbuilder"
    Load Packages 72
    Load Symbols 17
    Load DeviceSets 16
    Load Library "supply1"
    Load Packages 0
    Load Symbols 2
    Load DeviceSets 2
    Load Attributes 3
    Load Classes 3
    Load Parts 48
    Load Sheets 1
    ERROR: Unhandled type <errors>
EndSection
